<?xml version="1.0" encoding="UTF-8"?>
<!-- Generated by org.testng.reporters.JUnitXMLReporter -->
<testsuite hostname="DESKTOP-V834LA5" ignored="4" name="ANZMortage Automation" tests="12" failures="0" timestamp="21 Aug 2017 16:45:08 GMT" time="220.067" errors="0">
  <testcase name="TC01_VerifyBorrowingPage" time="55.442" classname="com.anzmortgage.scripts.BorrowingCalculatorTestscript"/>
  <testcase name="TC02_VerifyDisplayofApplicationTypes" time="0.332" classname="com.anzmortgage.scripts.BorrowingCalculatorTestscript"/>
  <testcase name="TC05_BorrowingCalculation1" time="6.099" classname="com.anzmortgage.scripts.BorrowingCalculatorTestscript"/>
  <testcase name="TC06_BorrowingCalculation2" time="6.394" classname="com.anzmortgage.scripts.BorrowingCalculatorTestscript"/>
  <testcase name="TC07_TryingRepaymentScenarioFromBorrowingPage" time="24.038" classname="com.anzmortgage.scripts.BorrowingCalculatorTestscript"/>
  <testcase name="TC01_VerifyRepaymentsPage" time="27.174" classname="com.anzmortgage.scripts.RepaymentsCalculatorTestscript"/>
  <testcase name="TC04_CalculateRepayments_Scenario1" time="16.469" classname="com.anzmortgage.scripts.RepaymentsCalculatorTestscript"/>
  <testcase name="TC05_VerifyMonthlyRepayments_Scenario1" time="0.402" classname="com.anzmortgage.scripts.RepaymentsCalculatorTestscript"/>
  <testcase name="TC06_createScenario" time="0.292" classname="com.anzmortgage.scripts.RepaymentsCalculatorTestscript"/>
  <testcase name="TC07_CalculateRepayments_Scenario2" time="6.748" classname="com.anzmortgage.scripts.RepaymentsCalculatorTestscript"/>
  <testcase name="TC08_VerifyFortnightlyRepayments_Scenario2" time="1.747" classname="com.anzmortgage.scripts.RepaymentsCalculatorTestscript"/>
  <testcase name="TC09_VerifyScenarioComparionResult" time="0.097" classname="com.anzmortgage.scripts.RepaymentsCalculatorTestscript"/>
  <testcase name="TC04_VerifyEmptyAnnualHOuseholdValidation" time="0.0" classname="com.anzmortgage.scripts.BorrowingCalculatorTestscript">
    <ignored/>
  </testcase> <!-- TC04_VerifyEmptyAnnualHOuseholdValidation -->
  <testcase name="TC02_VerifyEmptyLoanAmountValidation" time="0.0" classname="com.anzmortgage.scripts.RepaymentsCalculatorTestscript">
    <ignored/>
  </testcase> <!-- TC02_VerifyEmptyLoanAmountValidation -->
  <testcase name="TC03_VerifyDefaultApplicationType" time="0.0" classname="com.anzmortgage.scripts.BorrowingCalculatorTestscript">
    <ignored/>
  </testcase> <!-- TC03_VerifyDefaultApplicationType -->
  <testcase name="TC03_VerifyInvalidLoanAmountValidation" time="0.0" classname="com.anzmortgage.scripts.RepaymentsCalculatorTestscript">
    <ignored/>
  </testcase> <!-- TC03_VerifyInvalidLoanAmountValidation -->
</testsuite> <!-- ANZMortage Automation -->
